<?xml version="1.0" encoding="UTF-8"?>
<testsuite xmlns:xsi="http://www.w3.org/2001/XMLSchema-instance" xsi:noNamespaceSchemaLocation="https://maven.apache.org/surefire/maven-surefire-plugin/xsd/surefire-test-report-3.0.xsd" version="3.0" name="com.challenge.Service.PropertyServiceTest" time="0.023" tests="3" errors="0" skipped="0" failures="0">
  <properties>
    <property name="java.specification.version" value="19"/>
    <property name="sun.cpu.isalist" value="amd64"/>
    <property name="sun.jnu.encoding" value="Cp1252"/>
    <property name="test.url" value="http://localhost:8081"/>
    <property name="java.class.path" value="D:\Projects\futurestay\target\test-classes;D:\Projects\futurestay\target\classes;C:\Users\Vicente\.m2\repository\io\quarkus\quarkus-arc\2.14.3.Final\quarkus-arc-2.14.3.Final.jar;C:\Users\Vicente\.m2\repository\io\quarkus\arc\arc\2.14.3.Final\arc-2.14.3.Final.jar;C:\Users\Vicente\.m2\repository\jakarta\enterprise\jakarta.enterprise.cdi-api\2.0.2\jakarta.enterprise.cdi-api-2.0.2.jar;C:\Users\Vicente\.m2\repository\jakarta\el\jakarta.el-api\3.0.3\jakarta.el-api-3.0.3.jar;C:\Users\Vicente\.m2\repository\jakarta\interceptor\jakarta.interceptor-api\1.2.5\jakarta.interceptor-api-1.2.5.jar;C:\Users\Vicente\.m2\repository\jakarta\annotation\jakarta.annotation-api\1.3.5\jakarta.annotation-api-1.3.5.jar;C:\Users\Vicente\.m2\repository\jakarta\transaction\jakarta.transaction-api\1.3.3\jakarta.transaction-api-1.3.3.jar;C:\Users\Vicente\.m2\repository\io\smallrye\reactive\mutiny\1.8.0\mutiny-1.8.0.jar;C:\Users\Vicente\.m2\repository\org\reactivestreams\reactive-streams\1.0.3\reactive-streams-1.0.3.jar;C:\Users\Vicente\.m2\repository\io\smallrye\common\smallrye-common-annotation\1.13.2\smallrye-common-annotation-1.13.2.jar;C:\Users\Vicente\.m2\repository\org\jboss\logging\jboss-logging\3.5.0.Final\jboss-logging-3.5.0.Final.jar;C:\Users\Vicente\.m2\repository\io\quarkus\quarkus-core\2.14.3.Final\quarkus-core-2.14.3.Final.jar;C:\Users\Vicente\.m2\repository\jakarta\inject\jakarta.inject-api\1.0\jakarta.inject-api-1.0.jar;C:\Users\Vicente\.m2\repository\io\quarkus\quarkus-ide-launcher\2.14.3.Final\quarkus-ide-launcher-2.14.3.Final.jar;C:\Users\Vicente\.m2\repository\io\quarkus\quarkus-development-mode-spi\2.14.3.Final\quarkus-development-mode-spi-2.14.3.Final.jar;C:\Users\Vicente\.m2\repository\io\smallrye\config\smallrye-config\2.12.1\smallrye-config-2.12.1.jar;C:\Users\Vicente\.m2\repository\io\smallrye\config\smallrye-config-core\2.12.1\smallrye-config-core-2.12.1.jar;C:\Users\Vicente\.m2\repository\io\smallrye\common\smallrye-common-expression\1.13.2\smallrye-common-expression-1.13.2.jar;C:\Users\Vicente\.m2\repository\io\smallrye\common\smallrye-common-function\1.13.2\smallrye-common-function-1.13.2.jar;C:\Users\Vicente\.m2\repository\io\smallrye\common\smallrye-common-classloader\1.13.2\smallrye-common-classloader-1.13.2.jar;C:\Users\Vicente\.m2\repository\io\smallrye\config\smallrye-config-common\2.12.1\smallrye-config-common-2.12.1.jar;C:\Users\Vicente\.m2\repository\org\jboss\logmanager\jboss-logmanager-embedded\1.0.11\jboss-logmanager-embedded-1.0.11.jar;C:\Users\Vicente\.m2\repository\org\jboss\logging\jboss-logging-annotations\2.2.1.Final\jboss-logging-annotations-2.2.1.Final.jar;C:\Users\Vicente\.m2\repository\org\jboss\threads\jboss-threads\3.4.3.Final\jboss-threads-3.4.3.Final.jar;C:\Users\Vicente\.m2\repository\org\slf4j\slf4j-api\1.7.36\slf4j-api-1.7.36.jar;C:\Users\Vicente\.m2\repository\org\jboss\slf4j\slf4j-jboss-logmanager\1.2.0.Final\slf4j-jboss-logmanager-1.2.0.Final.jar;C:\Users\Vicente\.m2\repository\org\graalvm\sdk\graal-sdk\22.3.0\graal-sdk-22.3.0.jar;C:\Users\Vicente\.m2\repository\org\wildfly\common\wildfly-common\1.5.4.Final-format-001\wildfly-common-1.5.4.Final-format-001.jar;C:\Users\Vicente\.m2\repository\io\quarkus\quarkus-bootstrap-runner\2.14.3.Final\quarkus-bootstrap-runner-2.14.3.Final.jar;C:\Users\Vicente\.m2\repository\io\quarkus\quarkus-fs-util\0.0.9\quarkus-fs-util-0.0.9.jar;C:\Users\Vicente\.m2\repository\org\eclipse\microprofile\context-propagation\microprofile-context-propagation-api\1.2\microprofile-context-propagation-api-1.2.jar;C:\Users\Vicente\.m2\repository\io\quarkus\quarkus-resteasy-reactive\2.14.3.Final\quarkus-resteasy-reactive-2.14.3.Final.jar;C:\Users\Vicente\.m2\repository\io\quarkus\quarkus-resteasy-reactive-common\2.14.3.Final\quarkus-resteasy-reactive-common-2.14.3.Final.jar;C:\Users\Vicente\.m2\repository\io\quarkus\resteasy\reactive\resteasy-reactive-common\2.14.3.Final\resteasy-reactive-common-2.14.3.Final.jar;C:\Users\Vicente\.m2\repository\io\quarkus\resteasy\reactive\resteasy-reactive-common-types\2.14.3.Final\resteasy-reactive-common-types-2.14.3.Final.jar;C:\Users\Vicente\.m2\repository\io\quarkus\quarkus-mutiny\2.14.3.Final\quarkus-mutiny-2.14.3.Final.jar;C:\Users\Vicente\.m2\repository\io\quarkus\quarkus-smallrye-context-propagation\2.14.3.Final\quarkus-smallrye-context-propagation-2.14.3.Final.jar;C:\Users\Vicente\.m2\repository\io\smallrye\smallrye-context-propagation\1.2.2\smallrye-context-propagation-1.2.2.jar;C:\Users\Vicente\.m2\repository\io\smallrye\smallrye-context-propagation-api\1.2.2\smallrye-context-propagation-api-1.2.2.jar;C:\Users\Vicente\.m2\repository\io\smallrye\smallrye-context-propagation-storage\1.2.2\smallrye-context-propagation-storage-1.2.2.jar;C:\Users\Vicente\.m2\repository\io\smallrye\reactive\mutiny-smallrye-context-propagation\1.8.0\mutiny-smallrye-context-propagation-1.8.0.jar;C:\Users\Vicente\.m2\repository\io\quarkus\quarkus-vertx\2.14.3.Final\quarkus-vertx-2.14.3.Final.jar;C:\Users\Vicente\.m2\repository\io\quarkus\quarkus-netty\2.14.3.Final\quarkus-netty-2.14.3.Final.jar;C:\Users\Vicente\.m2\repository\io\netty\netty-codec\4.1.82.Final\netty-codec-4.1.82.Final.jar;C:\Users\Vicente\.m2\repository\io\netty\netty-codec-http\4.1.82.Final\netty-codec-http-4.1.82.Final.jar;C:\Users\Vicente\.m2\repository\io\netty\netty-codec-http2\4.1.82.Final\netty-codec-http2-4.1.82.Final.jar;C:\Users\Vicente\.m2\repository\io\netty\netty-handler\4.1.82.Final\netty-handler-4.1.82.Final.jar;C:\Users\Vicente\.m2\repository\io\netty\netty-transport-native-unix-common\4.1.82.Final\netty-transport-native-unix-common-4.1.82.Final.jar;C:\Users\Vicente\.m2\repository\com\aayushatharva\brotli4j\brotli4j\1.8.0\brotli4j-1.8.0.jar;C:\Users\Vicente\.m2\repository\com\aayushatharva\brotli4j\native-windows-x86_64\1.8.0\native-windows-x86_64-1.8.0.jar;C:\Users\Vicente\.m2\repository\io\netty\netty-codec-haproxy\4.1.82.Final\netty-codec-haproxy-4.1.82.Final.jar;C:\Users\Vicente\.m2\repository\io\netty\netty-buffer\4.1.82.Final\netty-buffer-4.1.82.Final.jar;C:\Users\Vicente\.m2\repository\io\netty\netty-transport\4.1.82.Final\netty-transport-4.1.82.Final.jar;C:\Users\Vicente\.m2\repository\io\quarkus\quarkus-vertx-latebound-mdc-provider\2.14.3.Final\quarkus-vertx-latebound-mdc-provider-2.14.3.Final.jar;C:\Users\Vicente\.m2\repository\io\smallrye\smallrye-fault-tolerance-vertx\5.5.0\smallrye-fault-tolerance-vertx-5.5.0.jar;C:\Users\Vicente\.m2\repository\io\quarkus\resteasy\reactive\resteasy-reactive-vertx\2.14.3.Final\resteasy-reactive-vertx-2.14.3.Final.jar;C:\Users\Vicente\.m2\repository\io\vertx\vertx-web\4.3.4\vertx-web-4.3.4.jar;C:\Users\Vicente\.m2\repository\io\vertx\vertx-web-common\4.3.4\vertx-web-common-4.3.4.jar;C:\Users\Vicente\.m2\repository\io\vertx\vertx-auth-common\4.3.4\vertx-auth-common-4.3.4.jar;C:\Users\Vicente\.m2\repository\io\vertx\vertx-bridge-common\4.3.4\vertx-bridge-common-4.3.4.jar;C:\Users\Vicente\.m2\repository\io\vertx\vertx-core\4.3.4\vertx-core-4.3.4.jar;C:\Users\Vicente\.m2\repository\io\netty\netty-common\4.1.82.Final\netty-common-4.1.82.Final.jar;C:\Users\Vicente\.m2\repository\io\netty\netty-handler-proxy\4.1.82.Final\netty-handler-proxy-4.1.82.Final.jar;C:\Users\Vicente\.m2\repository\io\netty\netty-codec-socks\4.1.82.Final\netty-codec-socks-4.1.82.Final.jar;C:\Users\Vicente\.m2\repository\io\netty\netty-resolver\4.1.82.Final\netty-resolver-4.1.82.Final.jar;C:\Users\Vicente\.m2\repository\io\netty\netty-resolver-dns\4.1.82.Final\netty-resolver-dns-4.1.82.Final.jar;C:\Users\Vicente\.m2\repository\io\netty\netty-codec-dns\4.1.82.Final\netty-codec-dns-4.1.82.Final.jar;C:\Users\Vicente\.m2\repository\io\smallrye\reactive\smallrye-mutiny-vertx-core\2.27.0\smallrye-mutiny-vertx-core-2.27.0.jar;C:\Users\Vicente\.m2\repository\io\smallrye\reactive\smallrye-mutiny-vertx-runtime\2.27.0\smallrye-mutiny-vertx-runtime-2.27.0.jar;C:\Users\Vicente\.m2\repository\io\smallrye\reactive\vertx-mutiny-generator\2.27.0\vertx-mutiny-generator-2.27.0.jar;C:\Users\Vicente\.m2\repository\io\vertx\vertx-codegen\4.3.4\vertx-codegen-4.3.4.jar;C:\Users\Vicente\.m2\repository\io\quarkus\resteasy\reactive\resteasy-reactive\2.14.3.Final\resteasy-reactive-2.14.3.Final.jar;C:\Users\Vicente\.m2\repository\org\jboss\logging\commons-logging-jboss-logging\1.0.0.Final\commons-logging-jboss-logging-1.0.0.Final.jar;C:\Users\Vicente\.m2\repository\org\jboss\spec\javax\xml\bind\jboss-jaxb-api_2.3_spec\2.0.0.Final\jboss-jaxb-api_2.3_spec-2.0.0.Final.jar;C:\Users\Vicente\.m2\repository\io\quarkus\quarkus-vertx-http\2.14.3.Final\quarkus-vertx-http-2.14.3.Final.jar;C:\Users\Vicente\.m2\repository\io\quarkus\quarkus-security-runtime-spi\2.14.3.Final\quarkus-security-runtime-spi-2.14.3.Final.jar;C:\Users\Vicente\.m2\repository\io\quarkus\quarkus-credentials\2.14.3.Final\quarkus-credentials-2.14.3.Final.jar;C:\Users\Vicente\.m2\repository\io\smallrye\common\smallrye-common-vertx-context\1.13.2\smallrye-common-vertx-context-1.13.2.jar;C:\Users\Vicente\.m2\repository\io\smallrye\common\smallrye-common-constraint\1.13.2\smallrye-common-constraint-1.13.2.jar;C:\Users\Vicente\.m2\repository\io\quarkus\quarkus-vertx-http-dev-console-runtime-spi\2.14.3.Final\quarkus-vertx-http-dev-console-runtime-spi-2.14.3.Final.jar;C:\Users\Vicente\.m2\repository\io\quarkus\security\quarkus-security\1.1.4.Final\quarkus-security-1.1.4.Final.jar;C:\Users\Vicente\.m2\repository\io\smallrye\reactive\smallrye-mutiny-vertx-web\2.27.0\smallrye-mutiny-vertx-web-2.27.0.jar;C:\Users\Vicente\.m2\repository\io\smallrye\reactive\smallrye-mutiny-vertx-web-common\2.27.0\smallrye-mutiny-vertx-web-common-2.27.0.jar;C:\Users\Vicente\.m2\repository\io\smallrye\reactive\smallrye-mutiny-vertx-auth-common\2.27.0\smallrye-mutiny-vertx-auth-common-2.27.0.jar;C:\Users\Vicente\.m2\repository\io\smallrye\reactive\smallrye-mutiny-vertx-bridge-common\2.27.0\smallrye-mutiny-vertx-bridge-common-2.27.0.jar;C:\Users\Vicente\.m2\repository\io\smallrye\reactive\smallrye-mutiny-vertx-uri-template\2.27.0\smallrye-mutiny-vertx-uri-template-2.27.0.jar;C:\Users\Vicente\.m2\repository\io\vertx\vertx-uri-template\4.3.4\vertx-uri-template-4.3.4.jar;C:\Users\Vicente\.m2\repository\io\github\crac\org-crac\0.1.1\org-crac-0.1.1.jar;C:\Users\Vicente\.m2\repository\io\quarkus\quarkus-jsonp\2.14.3.Final\quarkus-jsonp-2.14.3.Final.jar;C:\Users\Vicente\.m2\repository\org\glassfish\jakarta.json\1.1.6\jakarta.json-1.1.6.jar;C:\Users\Vicente\.m2\repository\io\quarkus\quarkus-hibernate-validator\2.14.3.Final\quarkus-hibernate-validator-2.14.3.Final.jar;C:\Users\Vicente\.m2\repository\org\hibernate\validator\hibernate-validator\6.2.5.Final\hibernate-validator-6.2.5.Final.jar;C:\Users\Vicente\.m2\repository\jakarta\validation\jakarta.validation-api\2.0.2\jakarta.validation-api-2.0.2.jar;C:\Users\Vicente\.m2\repository\com\fasterxml\classmate\1.5.1\classmate-1.5.1.jar;C:\Users\Vicente\.m2\repository\org\glassfish\jakarta.el\3.0.4\jakarta.el-3.0.4.jar;C:\Users\Vicente\.m2\repository\io\smallrye\config\smallrye-config-validator\2.12.1\smallrye-config-validator-2.12.1.jar;C:\Users\Vicente\.m2\repository\org\jboss\spec\javax\ws\rs\jboss-jaxrs-api_2.1_spec\2.0.1.Final\jboss-jaxrs-api_2.1_spec-2.0.1.Final.jar;C:\Users\Vicente\.m2\repository\io\quarkus\quarkus-resteasy-reactive-jackson\2.14.3.Final\quarkus-resteasy-reactive-jackson-2.14.3.Final.jar;C:\Users\Vicente\.m2\repository\io\quarkus\quarkus-resteasy-reactive-jackson-common\2.14.3.Final\quarkus-resteasy-reactive-jackson-common-2.14.3.Final.jar;C:\Users\Vicente\.m2\repository\io\quarkus\resteasy\reactive\resteasy-reactive-jackson\2.14.3.Final\resteasy-reactive-jackson-2.14.3.Final.jar;C:\Users\Vicente\.m2\repository\io\quarkus\quarkus-jackson\2.14.3.Final\quarkus-jackson-2.14.3.Final.jar;C:\Users\Vicente\.m2\repository\com\fasterxml\jackson\datatype\jackson-datatype-jsr310\2.13.4\jackson-datatype-jsr310-2.13.4.jar;C:\Users\Vicente\.m2\repository\com\fasterxml\jackson\datatype\jackson-datatype-jdk8\2.13.4\jackson-datatype-jdk8-2.13.4.jar;C:\Users\Vicente\.m2\repository\com\fasterxml\jackson\module\jackson-module-parameter-names\2.13.4\jackson-module-parameter-names-2.13.4.jar;C:\Users\Vicente\.m2\repository\io\quarkus\quarkus-smallrye-openapi\2.14.3.Final\quarkus-smallrye-openapi-2.14.3.Final.jar;C:\Users\Vicente\.m2\repository\io\smallrye\smallrye-open-api-core\2.3.1\smallrye-open-api-core-2.3.1.jar;C:\Users\Vicente\.m2\repository\org\eclipse\microprofile\openapi\microprofile-openapi-api\2.0.1\microprofile-openapi-api-2.0.1.jar;C:\Users\Vicente\.m2\repository\org\eclipse\microprofile\config\microprofile-config-api\2.0.1\microprofile-config-api-2.0.1.jar;C:\Users\Vicente\.m2\repository\com\fasterxml\jackson\core\jackson-core\2.13.4\jackson-core-2.13.4.jar;C:\Users\Vicente\.m2\repository\com\fasterxml\jackson\core\jackson-databind\2.13.4.2\jackson-databind-2.13.4.2.jar;C:\Users\Vicente\.m2\repository\com\fasterxml\jackson\core\jackson-annotations\2.13.4\jackson-annotations-2.13.4.jar;C:\Users\Vicente\.m2\repository\com\fasterxml\jackson\dataformat\jackson-dataformat-yaml\2.13.4\jackson-dataformat-yaml-2.13.4.jar;C:\Users\Vicente\.m2\repository\org\yaml\snakeyaml\1.33\snakeyaml-1.33.jar;C:\Users\Vicente\.m2\repository\io\smallrye\jandex\3.0.5\jandex-3.0.5.jar;C:\Users\Vicente\.m2\repository\io\quarkus\quarkus-swagger-ui\2.14.3.Final\quarkus-swagger-ui-2.14.3.Final.jar;C:\Users\Vicente\.m2\repository\io\quarkus\quarkus-junit5\2.14.3.Final\quarkus-junit5-2.14.3.Final.jar;C:\Users\Vicente\.m2\repository\io\quarkus\quarkus-bootstrap-core\2.14.3.Final\quarkus-bootstrap-core-2.14.3.Final.jar;C:\Users\Vicente\.m2\repository\io\quarkus\quarkus-bootstrap-app-model\2.14.3.Final\quarkus-bootstrap-app-model-2.14.3.Final.jar;C:\Users\Vicente\.m2\repository\io\smallrye\common\smallrye-common-io\1.13.2\smallrye-common-io-1.13.2.jar;C:\Users\Vicente\.m2\repository\org\eclipse\sisu\org.eclipse.sisu.inject\0.3.5\org.eclipse.sisu.inject-0.3.5.jar;C:\Users\Vicente\.m2\repository\io\quarkus\quarkus-test-common\2.14.3.Final\quarkus-test-common-2.14.3.Final.jar;C:\Users\Vicente\.m2\repository\io\quarkus\quarkus-core-deployment\2.14.3.Final\quarkus-core-deployment-2.14.3.Final.jar;C:\Users\Vicente\.m2\repository\org\aesh\readline\2.2\readline-2.2.jar;C:\Users\Vicente\.m2\repository\org\fusesource\jansi\jansi\1.18\jansi-1.18.jar;C:\Users\Vicente\.m2\repository\org\aesh\aesh\2.6\aesh-2.6.jar;C:\Users\Vicente\.m2\repository\io\quarkus\gizmo\gizmo\1.4.0.Final\gizmo-1.4.0.Final.jar;C:\Users\Vicente\.m2\repository\org\ow2\asm\asm-util\9.4\asm-util-9.4.jar;C:\Users\Vicente\.m2\repository\org\ow2\asm\asm-analysis\9.4\asm-analysis-9.4.jar;C:\Users\Vicente\.m2\repository\org\ow2\asm\asm\9.4\asm-9.4.jar;C:\Users\Vicente\.m2\repository\org\ow2\asm\asm-commons\9.4\asm-commons-9.4.jar;C:\Users\Vicente\.m2\repository\org\ow2\asm\asm-tree\9.4\asm-tree-9.4.jar;C:\Users\Vicente\.m2\repository\io\quarkus\quarkus-class-change-agent\2.14.3.Final\quarkus-class-change-agent-2.14.3.Final.jar;C:\Users\Vicente\.m2\repository\io\quarkus\quarkus-devtools-utilities\2.14.3.Final\quarkus-devtools-utilities-2.14.3.Final.jar;C:\Users\Vicente\.m2\repository\io\quarkus\quarkus-builder\2.14.3.Final\quarkus-builder-2.14.3.Final.jar;C:\Users\Vicente\.m2\repository\org\junit\platform\junit-platform-launcher\1.9.1\junit-platform-launcher-1.9.1.jar;C:\Users\Vicente\.m2\repository\io\quarkus\quarkus-bootstrap-maven-resolver\2.14.3.Final\quarkus-bootstrap-maven-resolver-2.14.3.Final.jar;C:\Users\Vicente\.m2\repository\org\apache\maven\maven-embedder\3.8.6\maven-embedder-3.8.6.jar;C:\Users\Vicente\.m2\repository\org\apache\maven\maven-settings\3.8.6\maven-settings-3.8.6.jar;C:\Users\Vicente\.m2\repository\org\apache\maven\maven-core\3.8.6\maven-core-3.8.6.jar;C:\Users\Vicente\.m2\repository\org\apache\maven\maven-artifact\3.8.6\maven-artifact-3.8.6.jar;C:\Users\Vicente\.m2\repository\org\codehaus\plexus\plexus-component-annotations\2.1.0\plexus-component-annotations-2.1.0.jar;C:\Users\Vicente\.m2\repository\org\apache\maven\maven-plugin-api\3.8.6\maven-plugin-api-3.8.6.jar;C:\Users\Vicente\.m2\repository\org\apache\maven\maven-model\3.8.6\maven-model-3.8.6.jar;C:\Users\Vicente\.m2\repository\org\apache\maven\maven-model-builder\3.8.6\maven-model-builder-3.8.6.jar;C:\Users\Vicente\.m2\repository\org\apache\maven\maven-builder-support\3.8.6\maven-builder-support-3.8.6.jar;C:\Users\Vicente\.m2\repository\org\apache\maven\resolver\maven-resolver-api\1.6.3\maven-resolver-api-1.6.3.jar;C:\Users\Vicente\.m2\repository\org\apache\maven\resolver\maven-resolver-util\1.6.3\maven-resolver-util-1.6.3.jar;C:\Users\Vicente\.m2\repository\org\apache\maven\shared\maven-shared-utils\3.3.4\maven-shared-utils-3.3.4.jar;C:\Users\Vicente\.m2\repository\commons-io\commons-io\2.11.0\commons-io-2.11.0.jar;C:\Users\Vicente\.m2\repository\com\google\inject\guice\4.2.2\guice-4.2.2-no_aop.jar;C:\Users\Vicente\.m2\repository\com\google\guava\guava\31.1-jre\guava-31.1-jre.jar;C:\Users\Vicente\.m2\repository\com\google\guava\failureaccess\1.0.1\failureaccess-1.0.1.jar;C:\Users\Vicente\.m2\repository\org\codehaus\plexus\plexus-classworlds\2.6.0\plexus-classworlds-2.6.0.jar;C:\Users\Vicente\.m2\repository\org\codehaus\plexus\plexus-sec-dispatcher\2.0\plexus-sec-dispatcher-2.0.jar;C:\Users\Vicente\.m2\repository\org\codehaus\plexus\plexus-cipher\2.0\plexus-cipher-2.0.jar;C:\Users\Vicente\.m2\repository\commons-cli\commons-cli\1.4\commons-cli-1.4.jar;C:\Users\Vicente\.m2\repository\org\eclipse\sisu\org.eclipse.sisu.plexus\0.3.5\org.eclipse.sisu.plexus-0.3.5.jar;C:\Users\Vicente\.m2\repository\org\apache\maven\maven-settings-builder\3.8.6\maven-settings-builder-3.8.6.jar;C:\Users\Vicente\.m2\repository\org\codehaus\plexus\plexus-interpolation\1.26\plexus-interpolation-1.26.jar;C:\Users\Vicente\.m2\repository\org\apache\maven\maven-resolver-provider\3.8.6\maven-resolver-provider-3.8.6.jar;C:\Users\Vicente\.m2\repository\org\apache\maven\maven-repository-metadata\3.8.6\maven-repository-metadata-3.8.6.jar;C:\Users\Vicente\.m2\repository\org\apache\maven\resolver\maven-resolver-spi\1.6.3\maven-resolver-spi-1.6.3.jar;C:\Users\Vicente\.m2\repository\org\apache\maven\resolver\maven-resolver-impl\1.6.3\maven-resolver-impl-1.6.3.jar;C:\Users\Vicente\.m2\repository\org\codehaus\plexus\plexus-utils\3.3.0\plexus-utils-3.3.0.jar;C:\Users\Vicente\.m2\repository\org\apache\maven\resolver\maven-resolver-connector-basic\1.6.3\maven-resolver-connector-basic-1.6.3.jar;C:\Users\Vicente\.m2\repository\org\apache\maven\resolver\maven-resolver-transport-wagon\1.6.3\maven-resolver-transport-wagon-1.6.3.jar;C:\Users\Vicente\.m2\repository\org\apache\maven\wagon\wagon-http\3.5.1\wagon-http-3.5.1.jar;C:\Users\Vicente\.m2\repository\org\apache\maven\wagon\wagon-http-shared\3.5.1\wagon-http-shared-3.5.1.jar;C:\Users\Vicente\.m2\repository\org\apache\maven\wagon\wagon-provider-api\3.5.1\wagon-provider-api-3.5.1.jar;C:\Users\Vicente\.m2\repository\org\apache\maven\wagon\wagon-file\3.5.1\wagon-file-3.5.1.jar;C:\Users\Vicente\.m2\repository\io\quarkus\quarkus-bootstrap-gradle-resolver\2.14.3.Final\quarkus-bootstrap-gradle-resolver-2.14.3.Final.jar;C:\Users\Vicente\.m2\repository\io\quarkus\quarkus-junit5-properties\2.14.3.Final\quarkus-junit5-properties-2.14.3.Final.jar;C:\Users\Vicente\.m2\repository\org\junit\jupiter\junit-jupiter\5.9.1\junit-jupiter-5.9.1.jar;C:\Users\Vicente\.m2\repository\org\junit\jupiter\junit-jupiter-api\5.9.1\junit-jupiter-api-5.9.1.jar;C:\Users\Vicente\.m2\repository\org\opentest4j\opentest4j\1.2.0\opentest4j-1.2.0.jar;C:\Users\Vicente\.m2\repository\org\junit\platform\junit-platform-commons\1.9.1\junit-platform-commons-1.9.1.jar;C:\Users\Vicente\.m2\repository\org\apiguardian\apiguardian-api\1.1.2\apiguardian-api-1.1.2.jar;C:\Users\Vicente\.m2\repository\org\junit\jupiter\junit-jupiter-params\5.9.1\junit-jupiter-params-5.9.1.jar;C:\Users\Vicente\.m2\repository\org\junit\jupiter\junit-jupiter-engine\5.9.1\junit-jupiter-engine-5.9.1.jar;C:\Users\Vicente\.m2\repository\org\junit\platform\junit-platform-engine\1.9.1\junit-platform-engine-1.9.1.jar;C:\Users\Vicente\.m2\repository\com\thoughtworks\xstream\xstream\1.4.19\xstream-1.4.19.jar;C:\Users\Vicente\.m2\repository\io\github\x-stream\mxparser\1.2.2\mxparser-1.2.2.jar;C:\Users\Vicente\.m2\repository\xmlpull\xmlpull\1.1.3.1\xmlpull-1.1.3.1.jar;C:\Users\Vicente\.m2\repository\io\rest-assured\rest-assured\4.5.1\rest-assured-4.5.1.jar;C:\Users\Vicente\.m2\repository\org\codehaus\groovy\groovy\3.0.9\groovy-3.0.9.jar;C:\Users\Vicente\.m2\repository\org\codehaus\groovy\groovy-xml\3.0.9\groovy-xml-3.0.9.jar;C:\Users\Vicente\.m2\repository\org\apache\httpcomponents\httpclient\4.5.13\httpclient-4.5.13.jar;C:\Users\Vicente\.m2\repository\org\apache\httpcomponents\httpcore\4.4.15\httpcore-4.4.15.jar;C:\Users\Vicente\.m2\repository\commons-codec\commons-codec\1.15\commons-codec-1.15.jar;C:\Users\Vicente\.m2\repository\org\apache\httpcomponents\httpmime\4.5.13\httpmime-4.5.13.jar;C:\Users\Vicente\.m2\repository\org\hamcrest\hamcrest\2.1\hamcrest-2.1.jar;C:\Users\Vicente\.m2\repository\org\ccil\cowan\tagsoup\tagsoup\1.2.1\tagsoup-1.2.1.jar;C:\Users\Vicente\.m2\repository\io\rest-assured\json-path\4.5.1\json-path-4.5.1.jar;C:\Users\Vicente\.m2\repository\org\codehaus\groovy\groovy-json\3.0.9\groovy-json-3.0.9.jar;C:\Users\Vicente\.m2\repository\io\rest-assured\rest-assured-common\4.5.1\rest-assured-common-4.5.1.jar;C:\Users\Vicente\.m2\repository\io\rest-assured\xml-path\4.5.1\xml-path-4.5.1.jar;C:\Users\Vicente\.m2\repository\org\apache\commons\commons-lang3\3.12.0\commons-lang3-3.12.0.jar;C:\Users\Vicente\.m2\repository\org\projectlombok\lombok\1.18.20\lombok-1.18.20.jar;C:\Users\Vicente\.m2\repository\io\quarkus\quarkus-smallrye-health\2.14.3.Final\quarkus-smallrye-health-2.14.3.Final.jar;C:\Users\Vicente\.m2\repository\io\smallrye\smallrye-health\3.3.0\smallrye-health-3.3.0.jar;C:\Users\Vicente\.m2\repository\org\eclipse\microprofile\health\microprofile-health-api\3.1\microprofile-health-api-3.1.jar;C:\Users\Vicente\.m2\repository\io\smallrye\smallrye-health-api\3.3.0\smallrye-health-api-3.3.0.jar;C:\Users\Vicente\.m2\repository\io\smallrye\smallrye-health-provided-checks\3.3.0\smallrye-health-provided-checks-3.3.0.jar;C:\Users\Vicente\.m2\repository\io\quarkus\quarkus-micrometer-registry-prometheus\2.14.3.Final\quarkus-micrometer-registry-prometheus-2.14.3.Final.jar;C:\Users\Vicente\.m2\repository\io\quarkus\quarkus-micrometer\2.14.3.Final\quarkus-micrometer-2.14.3.Final.jar;C:\Users\Vicente\.m2\repository\io\micrometer\micrometer-core\1.9.5\micrometer-core-1.9.5.jar;C:\Users\Vicente\.m2\repository\org\hdrhistogram\HdrHistogram\2.1.12\HdrHistogram-2.1.12.jar;C:\Users\Vicente\.m2\repository\org\latencyutils\LatencyUtils\2.0.3\LatencyUtils-2.0.3.jar;C:\Users\Vicente\.m2\repository\io\micrometer\micrometer-registry-prometheus\1.9.5\micrometer-registry-prometheus-1.9.5.jar;C:\Users\Vicente\.m2\repository\io\prometheus\simpleclient_common\0.15.0\simpleclient_common-0.15.0.jar;C:\Users\Vicente\.m2\repository\io\prometheus\simpleclient\0.15.0\simpleclient-0.15.0.jar;C:\Users\Vicente\.m2\repository\io\prometheus\simpleclient_tracer_otel\0.15.0\simpleclient_tracer_otel-0.15.0.jar;C:\Users\Vicente\.m2\repository\io\prometheus\simpleclient_tracer_common\0.15.0\simpleclient_tracer_common-0.15.0.jar;C:\Users\Vicente\.m2\repository\io\prometheus\simpleclient_tracer_otel_agent\0.15.0\simpleclient_tracer_otel_agent-0.15.0.jar;C:\Users\Vicente\.m2\repository\org\mockito\mockito-core\4.9.0\mockito-core-4.9.0.jar;C:\Users\Vicente\.m2\repository\net\bytebuddy\byte-buddy\1.12.18\byte-buddy-1.12.18.jar;C:\Users\Vicente\.m2\repository\net\bytebuddy\byte-buddy-agent\1.12.16\byte-buddy-agent-1.12.16.jar;C:\Users\Vicente\.m2\repository\org\objenesis\objenesis\3.3\objenesis-3.3.jar;"/>
    <property name="java.vm.vendor" value="Oracle Corporation"/>
    <property name="sun.arch.data.model" value="64"/>
    <property name="user.variant" value=""/>
    <property name="java.vendor.url" value="https://java.oracle.com/"/>
    <property name="user.timezone" value="America/Sao_Paulo"/>
    <property name="logging.initial-configurator.min-level" value="500"/>
    <property name="os.name" value="Windows 10"/>
    <property name="java.vm.specification.version" value="19"/>
    <property name="sun.java.launcher" value="SUN_STANDARD"/>
    <property name="user.country" value="BR"/>
    <property name="mp.openapi.extensions.smallrye.defaultProduces" value="application/json"/>
    <property name="sun.boot.library.path" value="C:\Program Files\Java\jdk-19\bin"/>
    <property name="sun.java.command" value="C:\Users\Vicente\AppData\Local\Temp\surefire13704366450016045457\surefirebooter-20221213202115674_3.jar C:\Users\Vicente\AppData\Local\Temp\surefire13704366450016045457 2022-12-13T20-21-15_460-jvmRun1 surefire-20221213202115674_1tmp surefire_0-20221213202115674_2tmp"/>
    <property name="jdk.debug" value="release"/>
    <property name="maven.home" value="C:\Program Files\Maven\apache-maven-3.8.6"/>
    <property name="surefire.test.class.path" value="D:\Projects\futurestay\target\test-classes;D:\Projects\futurestay\target\classes;C:\Users\Vicente\.m2\repository\io\quarkus\quarkus-arc\2.14.3.Final\quarkus-arc-2.14.3.Final.jar;C:\Users\Vicente\.m2\repository\io\quarkus\arc\arc\2.14.3.Final\arc-2.14.3.Final.jar;C:\Users\Vicente\.m2\repository\jakarta\enterprise\jakarta.enterprise.cdi-api\2.0.2\jakarta.enterprise.cdi-api-2.0.2.jar;C:\Users\Vicente\.m2\repository\jakarta\el\jakarta.el-api\3.0.3\jakarta.el-api-3.0.3.jar;C:\Users\Vicente\.m2\repository\jakarta\interceptor\jakarta.interceptor-api\1.2.5\jakarta.interceptor-api-1.2.5.jar;C:\Users\Vicente\.m2\repository\jakarta\annotation\jakarta.annotation-api\1.3.5\jakarta.annotation-api-1.3.5.jar;C:\Users\Vicente\.m2\repository\jakarta\transaction\jakarta.transaction-api\1.3.3\jakarta.transaction-api-1.3.3.jar;C:\Users\Vicente\.m2\repository\io\smallrye\reactive\mutiny\1.8.0\mutiny-1.8.0.jar;C:\Users\Vicente\.m2\repository\org\reactivestreams\reactive-streams\1.0.3\reactive-streams-1.0.3.jar;C:\Users\Vicente\.m2\repository\io\smallrye\common\smallrye-common-annotation\1.13.2\smallrye-common-annotation-1.13.2.jar;C:\Users\Vicente\.m2\repository\org\jboss\logging\jboss-logging\3.5.0.Final\jboss-logging-3.5.0.Final.jar;C:\Users\Vicente\.m2\repository\io\quarkus\quarkus-core\2.14.3.Final\quarkus-core-2.14.3.Final.jar;C:\Users\Vicente\.m2\repository\jakarta\inject\jakarta.inject-api\1.0\jakarta.inject-api-1.0.jar;C:\Users\Vicente\.m2\repository\io\quarkus\quarkus-ide-launcher\2.14.3.Final\quarkus-ide-launcher-2.14.3.Final.jar;C:\Users\Vicente\.m2\repository\io\quarkus\quarkus-development-mode-spi\2.14.3.Final\quarkus-development-mode-spi-2.14.3.Final.jar;C:\Users\Vicente\.m2\repository\io\smallrye\config\smallrye-config\2.12.1\smallrye-config-2.12.1.jar;C:\Users\Vicente\.m2\repository\io\smallrye\config\smallrye-config-core\2.12.1\smallrye-config-core-2.12.1.jar;C:\Users\Vicente\.m2\repository\io\smallrye\common\smallrye-common-expression\1.13.2\smallrye-common-expression-1.13.2.jar;C:\Users\Vicente\.m2\repository\io\smallrye\common\smallrye-common-function\1.13.2\smallrye-common-function-1.13.2.jar;C:\Users\Vicente\.m2\repository\io\smallrye\common\smallrye-common-classloader\1.13.2\smallrye-common-classloader-1.13.2.jar;C:\Users\Vicente\.m2\repository\io\smallrye\config\smallrye-config-common\2.12.1\smallrye-config-common-2.12.1.jar;C:\Users\Vicente\.m2\repository\org\jboss\logmanager\jboss-logmanager-embedded\1.0.11\jboss-logmanager-embedded-1.0.11.jar;C:\Users\Vicente\.m2\repository\org\jboss\logging\jboss-logging-annotations\2.2.1.Final\jboss-logging-annotations-2.2.1.Final.jar;C:\Users\Vicente\.m2\repository\org\jboss\threads\jboss-threads\3.4.3.Final\jboss-threads-3.4.3.Final.jar;C:\Users\Vicente\.m2\repository\org\slf4j\slf4j-api\1.7.36\slf4j-api-1.7.36.jar;C:\Users\Vicente\.m2\repository\org\jboss\slf4j\slf4j-jboss-logmanager\1.2.0.Final\slf4j-jboss-logmanager-1.2.0.Final.jar;C:\Users\Vicente\.m2\repository\org\graalvm\sdk\graal-sdk\22.3.0\graal-sdk-22.3.0.jar;C:\Users\Vicente\.m2\repository\org\wildfly\common\wildfly-common\1.5.4.Final-format-001\wildfly-common-1.5.4.Final-format-001.jar;C:\Users\Vicente\.m2\repository\io\quarkus\quarkus-bootstrap-runner\2.14.3.Final\quarkus-bootstrap-runner-2.14.3.Final.jar;C:\Users\Vicente\.m2\repository\io\quarkus\quarkus-fs-util\0.0.9\quarkus-fs-util-0.0.9.jar;C:\Users\Vicente\.m2\repository\org\eclipse\microprofile\context-propagation\microprofile-context-propagation-api\1.2\microprofile-context-propagation-api-1.2.jar;C:\Users\Vicente\.m2\repository\io\quarkus\quarkus-resteasy-reactive\2.14.3.Final\quarkus-resteasy-reactive-2.14.3.Final.jar;C:\Users\Vicente\.m2\repository\io\quarkus\quarkus-resteasy-reactive-common\2.14.3.Final\quarkus-resteasy-reactive-common-2.14.3.Final.jar;C:\Users\Vicente\.m2\repository\io\quarkus\resteasy\reactive\resteasy-reactive-common\2.14.3.Final\resteasy-reactive-common-2.14.3.Final.jar;C:\Users\Vicente\.m2\repository\io\quarkus\resteasy\reactive\resteasy-reactive-common-types\2.14.3.Final\resteasy-reactive-common-types-2.14.3.Final.jar;C:\Users\Vicente\.m2\repository\io\quarkus\quarkus-mutiny\2.14.3.Final\quarkus-mutiny-2.14.3.Final.jar;C:\Users\Vicente\.m2\repository\io\quarkus\quarkus-smallrye-context-propagation\2.14.3.Final\quarkus-smallrye-context-propagation-2.14.3.Final.jar;C:\Users\Vicente\.m2\repository\io\smallrye\smallrye-context-propagation\1.2.2\smallrye-context-propagation-1.2.2.jar;C:\Users\Vicente\.m2\repository\io\smallrye\smallrye-context-propagation-api\1.2.2\smallrye-context-propagation-api-1.2.2.jar;C:\Users\Vicente\.m2\repository\io\smallrye\smallrye-context-propagation-storage\1.2.2\smallrye-context-propagation-storage-1.2.2.jar;C:\Users\Vicente\.m2\repository\io\smallrye\reactive\mutiny-smallrye-context-propagation\1.8.0\mutiny-smallrye-context-propagation-1.8.0.jar;C:\Users\Vicente\.m2\repository\io\quarkus\quarkus-vertx\2.14.3.Final\quarkus-vertx-2.14.3.Final.jar;C:\Users\Vicente\.m2\repository\io\quarkus\quarkus-netty\2.14.3.Final\quarkus-netty-2.14.3.Final.jar;C:\Users\Vicente\.m2\repository\io\netty\netty-codec\4.1.82.Final\netty-codec-4.1.82.Final.jar;C:\Users\Vicente\.m2\repository\io\netty\netty-codec-http\4.1.82.Final\netty-codec-http-4.1.82.Final.jar;C:\Users\Vicente\.m2\repository\io\netty\netty-codec-http2\4.1.82.Final\netty-codec-http2-4.1.82.Final.jar;C:\Users\Vicente\.m2\repository\io\netty\netty-handler\4.1.82.Final\netty-handler-4.1.82.Final.jar;C:\Users\Vicente\.m2\repository\io\netty\netty-transport-native-unix-common\4.1.82.Final\netty-transport-native-unix-common-4.1.82.Final.jar;C:\Users\Vicente\.m2\repository\com\aayushatharva\brotli4j\brotli4j\1.8.0\brotli4j-1.8.0.jar;C:\Users\Vicente\.m2\repository\com\aayushatharva\brotli4j\native-windows-x86_64\1.8.0\native-windows-x86_64-1.8.0.jar;C:\Users\Vicente\.m2\repository\io\netty\netty-codec-haproxy\4.1.82.Final\netty-codec-haproxy-4.1.82.Final.jar;C:\Users\Vicente\.m2\repository\io\netty\netty-buffer\4.1.82.Final\netty-buffer-4.1.82.Final.jar;C:\Users\Vicente\.m2\repository\io\netty\netty-transport\4.1.82.Final\netty-transport-4.1.82.Final.jar;C:\Users\Vicente\.m2\repository\io\quarkus\quarkus-vertx-latebound-mdc-provider\2.14.3.Final\quarkus-vertx-latebound-mdc-provider-2.14.3.Final.jar;C:\Users\Vicente\.m2\repository\io\smallrye\smallrye-fault-tolerance-vertx\5.5.0\smallrye-fault-tolerance-vertx-5.5.0.jar;C:\Users\Vicente\.m2\repository\io\quarkus\resteasy\reactive\resteasy-reactive-vertx\2.14.3.Final\resteasy-reactive-vertx-2.14.3.Final.jar;C:\Users\Vicente\.m2\repository\io\vertx\vertx-web\4.3.4\vertx-web-4.3.4.jar;C:\Users\Vicente\.m2\repository\io\vertx\vertx-web-common\4.3.4\vertx-web-common-4.3.4.jar;C:\Users\Vicente\.m2\repository\io\vertx\vertx-auth-common\4.3.4\vertx-auth-common-4.3.4.jar;C:\Users\Vicente\.m2\repository\io\vertx\vertx-bridge-common\4.3.4\vertx-bridge-common-4.3.4.jar;C:\Users\Vicente\.m2\repository\io\vertx\vertx-core\4.3.4\vertx-core-4.3.4.jar;C:\Users\Vicente\.m2\repository\io\netty\netty-common\4.1.82.Final\netty-common-4.1.82.Final.jar;C:\Users\Vicente\.m2\repository\io\netty\netty-handler-proxy\4.1.82.Final\netty-handler-proxy-4.1.82.Final.jar;C:\Users\Vicente\.m2\repository\io\netty\netty-codec-socks\4.1.82.Final\netty-codec-socks-4.1.82.Final.jar;C:\Users\Vicente\.m2\repository\io\netty\netty-resolver\4.1.82.Final\netty-resolver-4.1.82.Final.jar;C:\Users\Vicente\.m2\repository\io\netty\netty-resolver-dns\4.1.82.Final\netty-resolver-dns-4.1.82.Final.jar;C:\Users\Vicente\.m2\repository\io\netty\netty-codec-dns\4.1.82.Final\netty-codec-dns-4.1.82.Final.jar;C:\Users\Vicente\.m2\repository\io\smallrye\reactive\smallrye-mutiny-vertx-core\2.27.0\smallrye-mutiny-vertx-core-2.27.0.jar;C:\Users\Vicente\.m2\repository\io\smallrye\reactive\smallrye-mutiny-vertx-runtime\2.27.0\smallrye-mutiny-vertx-runtime-2.27.0.jar;C:\Users\Vicente\.m2\repository\io\smallrye\reactive\vertx-mutiny-generator\2.27.0\vertx-mutiny-generator-2.27.0.jar;C:\Users\Vicente\.m2\repository\io\vertx\vertx-codegen\4.3.4\vertx-codegen-4.3.4.jar;C:\Users\Vicente\.m2\repository\io\quarkus\resteasy\reactive\resteasy-reactive\2.14.3.Final\resteasy-reactive-2.14.3.Final.jar;C:\Users\Vicente\.m2\repository\org\jboss\logging\commons-logging-jboss-logging\1.0.0.Final\commons-logging-jboss-logging-1.0.0.Final.jar;C:\Users\Vicente\.m2\repository\org\jboss\spec\javax\xml\bind\jboss-jaxb-api_2.3_spec\2.0.0.Final\jboss-jaxb-api_2.3_spec-2.0.0.Final.jar;C:\Users\Vicente\.m2\repository\io\quarkus\quarkus-vertx-http\2.14.3.Final\quarkus-vertx-http-2.14.3.Final.jar;C:\Users\Vicente\.m2\repository\io\quarkus\quarkus-security-runtime-spi\2.14.3.Final\quarkus-security-runtime-spi-2.14.3.Final.jar;C:\Users\Vicente\.m2\repository\io\quarkus\quarkus-credentials\2.14.3.Final\quarkus-credentials-2.14.3.Final.jar;C:\Users\Vicente\.m2\repository\io\smallrye\common\smallrye-common-vertx-context\1.13.2\smallrye-common-vertx-context-1.13.2.jar;C:\Users\Vicente\.m2\repository\io\smallrye\common\smallrye-common-constraint\1.13.2\smallrye-common-constraint-1.13.2.jar;C:\Users\Vicente\.m2\repository\io\quarkus\quarkus-vertx-http-dev-console-runtime-spi\2.14.3.Final\quarkus-vertx-http-dev-console-runtime-spi-2.14.3.Final.jar;C:\Users\Vicente\.m2\repository\io\quarkus\security\quarkus-security\1.1.4.Final\quarkus-security-1.1.4.Final.jar;C:\Users\Vicente\.m2\repository\io\smallrye\reactive\smallrye-mutiny-vertx-web\2.27.0\smallrye-mutiny-vertx-web-2.27.0.jar;C:\Users\Vicente\.m2\repository\io\smallrye\reactive\smallrye-mutiny-vertx-web-common\2.27.0\smallrye-mutiny-vertx-web-common-2.27.0.jar;C:\Users\Vicente\.m2\repository\io\smallrye\reactive\smallrye-mutiny-vertx-auth-common\2.27.0\smallrye-mutiny-vertx-auth-common-2.27.0.jar;C:\Users\Vicente\.m2\repository\io\smallrye\reactive\smallrye-mutiny-vertx-bridge-common\2.27.0\smallrye-mutiny-vertx-bridge-common-2.27.0.jar;C:\Users\Vicente\.m2\repository\io\smallrye\reactive\smallrye-mutiny-vertx-uri-template\2.27.0\smallrye-mutiny-vertx-uri-template-2.27.0.jar;C:\Users\Vicente\.m2\repository\io\vertx\vertx-uri-template\4.3.4\vertx-uri-template-4.3.4.jar;C:\Users\Vicente\.m2\repository\io\github\crac\org-crac\0.1.1\org-crac-0.1.1.jar;C:\Users\Vicente\.m2\repository\io\quarkus\quarkus-jsonp\2.14.3.Final\quarkus-jsonp-2.14.3.Final.jar;C:\Users\Vicente\.m2\repository\org\glassfish\jakarta.json\1.1.6\jakarta.json-1.1.6.jar;C:\Users\Vicente\.m2\repository\io\quarkus\quarkus-hibernate-validator\2.14.3.Final\quarkus-hibernate-validator-2.14.3.Final.jar;C:\Users\Vicente\.m2\repository\org\hibernate\validator\hibernate-validator\6.2.5.Final\hibernate-validator-6.2.5.Final.jar;C:\Users\Vicente\.m2\repository\jakarta\validation\jakarta.validation-api\2.0.2\jakarta.validation-api-2.0.2.jar;C:\Users\Vicente\.m2\repository\com\fasterxml\classmate\1.5.1\classmate-1.5.1.jar;C:\Users\Vicente\.m2\repository\org\glassfish\jakarta.el\3.0.4\jakarta.el-3.0.4.jar;C:\Users\Vicente\.m2\repository\io\smallrye\config\smallrye-config-validator\2.12.1\smallrye-config-validator-2.12.1.jar;C:\Users\Vicente\.m2\repository\org\jboss\spec\javax\ws\rs\jboss-jaxrs-api_2.1_spec\2.0.1.Final\jboss-jaxrs-api_2.1_spec-2.0.1.Final.jar;C:\Users\Vicente\.m2\repository\io\quarkus\quarkus-resteasy-reactive-jackson\2.14.3.Final\quarkus-resteasy-reactive-jackson-2.14.3.Final.jar;C:\Users\Vicente\.m2\repository\io\quarkus\quarkus-resteasy-reactive-jackson-common\2.14.3.Final\quarkus-resteasy-reactive-jackson-common-2.14.3.Final.jar;C:\Users\Vicente\.m2\repository\io\quarkus\resteasy\reactive\resteasy-reactive-jackson\2.14.3.Final\resteasy-reactive-jackson-2.14.3.Final.jar;C:\Users\Vicente\.m2\repository\io\quarkus\quarkus-jackson\2.14.3.Final\quarkus-jackson-2.14.3.Final.jar;C:\Users\Vicente\.m2\repository\com\fasterxml\jackson\datatype\jackson-datatype-jsr310\2.13.4\jackson-datatype-jsr310-2.13.4.jar;C:\Users\Vicente\.m2\repository\com\fasterxml\jackson\datatype\jackson-datatype-jdk8\2.13.4\jackson-datatype-jdk8-2.13.4.jar;C:\Users\Vicente\.m2\repository\com\fasterxml\jackson\module\jackson-module-parameter-names\2.13.4\jackson-module-parameter-names-2.13.4.jar;C:\Users\Vicente\.m2\repository\io\quarkus\quarkus-smallrye-openapi\2.14.3.Final\quarkus-smallrye-openapi-2.14.3.Final.jar;C:\Users\Vicente\.m2\repository\io\smallrye\smallrye-open-api-core\2.3.1\smallrye-open-api-core-2.3.1.jar;C:\Users\Vicente\.m2\repository\org\eclipse\microprofile\openapi\microprofile-openapi-api\2.0.1\microprofile-openapi-api-2.0.1.jar;C:\Users\Vicente\.m2\repository\org\eclipse\microprofile\config\microprofile-config-api\2.0.1\microprofile-config-api-2.0.1.jar;C:\Users\Vicente\.m2\repository\com\fasterxml\jackson\core\jackson-core\2.13.4\jackson-core-2.13.4.jar;C:\Users\Vicente\.m2\repository\com\fasterxml\jackson\core\jackson-databind\2.13.4.2\jackson-databind-2.13.4.2.jar;C:\Users\Vicente\.m2\repository\com\fasterxml\jackson\core\jackson-annotations\2.13.4\jackson-annotations-2.13.4.jar;C:\Users\Vicente\.m2\repository\com\fasterxml\jackson\dataformat\jackson-dataformat-yaml\2.13.4\jackson-dataformat-yaml-2.13.4.jar;C:\Users\Vicente\.m2\repository\org\yaml\snakeyaml\1.33\snakeyaml-1.33.jar;C:\Users\Vicente\.m2\repository\io\smallrye\jandex\3.0.5\jandex-3.0.5.jar;C:\Users\Vicente\.m2\repository\io\quarkus\quarkus-swagger-ui\2.14.3.Final\quarkus-swagger-ui-2.14.3.Final.jar;C:\Users\Vicente\.m2\repository\io\quarkus\quarkus-junit5\2.14.3.Final\quarkus-junit5-2.14.3.Final.jar;C:\Users\Vicente\.m2\repository\io\quarkus\quarkus-bootstrap-core\2.14.3.Final\quarkus-bootstrap-core-2.14.3.Final.jar;C:\Users\Vicente\.m2\repository\io\quarkus\quarkus-bootstrap-app-model\2.14.3.Final\quarkus-bootstrap-app-model-2.14.3.Final.jar;C:\Users\Vicente\.m2\repository\io\smallrye\common\smallrye-common-io\1.13.2\smallrye-common-io-1.13.2.jar;C:\Users\Vicente\.m2\repository\org\eclipse\sisu\org.eclipse.sisu.inject\0.3.5\org.eclipse.sisu.inject-0.3.5.jar;C:\Users\Vicente\.m2\repository\io\quarkus\quarkus-test-common\2.14.3.Final\quarkus-test-common-2.14.3.Final.jar;C:\Users\Vicente\.m2\repository\io\quarkus\quarkus-core-deployment\2.14.3.Final\quarkus-core-deployment-2.14.3.Final.jar;C:\Users\Vicente\.m2\repository\org\aesh\readline\2.2\readline-2.2.jar;C:\Users\Vicente\.m2\repository\org\fusesource\jansi\jansi\1.18\jansi-1.18.jar;C:\Users\Vicente\.m2\repository\org\aesh\aesh\2.6\aesh-2.6.jar;C:\Users\Vicente\.m2\repository\io\quarkus\gizmo\gizmo\1.4.0.Final\gizmo-1.4.0.Final.jar;C:\Users\Vicente\.m2\repository\org\ow2\asm\asm-util\9.4\asm-util-9.4.jar;C:\Users\Vicente\.m2\repository\org\ow2\asm\asm-analysis\9.4\asm-analysis-9.4.jar;C:\Users\Vicente\.m2\repository\org\ow2\asm\asm\9.4\asm-9.4.jar;C:\Users\Vicente\.m2\repository\org\ow2\asm\asm-commons\9.4\asm-commons-9.4.jar;C:\Users\Vicente\.m2\repository\org\ow2\asm\asm-tree\9.4\asm-tree-9.4.jar;C:\Users\Vicente\.m2\repository\io\quarkus\quarkus-class-change-agent\2.14.3.Final\quarkus-class-change-agent-2.14.3.Final.jar;C:\Users\Vicente\.m2\repository\io\quarkus\quarkus-devtools-utilities\2.14.3.Final\quarkus-devtools-utilities-2.14.3.Final.jar;C:\Users\Vicente\.m2\repository\io\quarkus\quarkus-builder\2.14.3.Final\quarkus-builder-2.14.3.Final.jar;C:\Users\Vicente\.m2\repository\org\junit\platform\junit-platform-launcher\1.9.1\junit-platform-launcher-1.9.1.jar;C:\Users\Vicente\.m2\repository\io\quarkus\quarkus-bootstrap-maven-resolver\2.14.3.Final\quarkus-bootstrap-maven-resolver-2.14.3.Final.jar;C:\Users\Vicente\.m2\repository\org\apache\maven\maven-embedder\3.8.6\maven-embedder-3.8.6.jar;C:\Users\Vicente\.m2\repository\org\apache\maven\maven-settings\3.8.6\maven-settings-3.8.6.jar;C:\Users\Vicente\.m2\repository\org\apache\maven\maven-core\3.8.6\maven-core-3.8.6.jar;C:\Users\Vicente\.m2\repository\org\apache\maven\maven-artifact\3.8.6\maven-artifact-3.8.6.jar;C:\Users\Vicente\.m2\repository\org\codehaus\plexus\plexus-component-annotations\2.1.0\plexus-component-annotations-2.1.0.jar;C:\Users\Vicente\.m2\repository\org\apache\maven\maven-plugin-api\3.8.6\maven-plugin-api-3.8.6.jar;C:\Users\Vicente\.m2\repository\org\apache\maven\maven-model\3.8.6\maven-model-3.8.6.jar;C:\Users\Vicente\.m2\repository\org\apache\maven\maven-model-builder\3.8.6\maven-model-builder-3.8.6.jar;C:\Users\Vicente\.m2\repository\org\apache\maven\maven-builder-support\3.8.6\maven-builder-support-3.8.6.jar;C:\Users\Vicente\.m2\repository\org\apache\maven\resolver\maven-resolver-api\1.6.3\maven-resolver-api-1.6.3.jar;C:\Users\Vicente\.m2\repository\org\apache\maven\resolver\maven-resolver-util\1.6.3\maven-resolver-util-1.6.3.jar;C:\Users\Vicente\.m2\repository\org\apache\maven\shared\maven-shared-utils\3.3.4\maven-shared-utils-3.3.4.jar;C:\Users\Vicente\.m2\repository\commons-io\commons-io\2.11.0\commons-io-2.11.0.jar;C:\Users\Vicente\.m2\repository\com\google\inject\guice\4.2.2\guice-4.2.2-no_aop.jar;C:\Users\Vicente\.m2\repository\com\google\guava\guava\31.1-jre\guava-31.1-jre.jar;C:\Users\Vicente\.m2\repository\com\google\guava\failureaccess\1.0.1\failureaccess-1.0.1.jar;C:\Users\Vicente\.m2\repository\org\codehaus\plexus\plexus-classworlds\2.6.0\plexus-classworlds-2.6.0.jar;C:\Users\Vicente\.m2\repository\org\codehaus\plexus\plexus-sec-dispatcher\2.0\plexus-sec-dispatcher-2.0.jar;C:\Users\Vicente\.m2\repository\org\codehaus\plexus\plexus-cipher\2.0\plexus-cipher-2.0.jar;C:\Users\Vicente\.m2\repository\commons-cli\commons-cli\1.4\commons-cli-1.4.jar;C:\Users\Vicente\.m2\repository\org\eclipse\sisu\org.eclipse.sisu.plexus\0.3.5\org.eclipse.sisu.plexus-0.3.5.jar;C:\Users\Vicente\.m2\repository\org\apache\maven\maven-settings-builder\3.8.6\maven-settings-builder-3.8.6.jar;C:\Users\Vicente\.m2\repository\org\codehaus\plexus\plexus-interpolation\1.26\plexus-interpolation-1.26.jar;C:\Users\Vicente\.m2\repository\org\apache\maven\maven-resolver-provider\3.8.6\maven-resolver-provider-3.8.6.jar;C:\Users\Vicente\.m2\repository\org\apache\maven\maven-repository-metadata\3.8.6\maven-repository-metadata-3.8.6.jar;C:\Users\Vicente\.m2\repository\org\apache\maven\resolver\maven-resolver-spi\1.6.3\maven-resolver-spi-1.6.3.jar;C:\Users\Vicente\.m2\repository\org\apache\maven\resolver\maven-resolver-impl\1.6.3\maven-resolver-impl-1.6.3.jar;C:\Users\Vicente\.m2\repository\org\codehaus\plexus\plexus-utils\3.3.0\plexus-utils-3.3.0.jar;C:\Users\Vicente\.m2\repository\org\apache\maven\resolver\maven-resolver-connector-basic\1.6.3\maven-resolver-connector-basic-1.6.3.jar;C:\Users\Vicente\.m2\repository\org\apache\maven\resolver\maven-resolver-transport-wagon\1.6.3\maven-resolver-transport-wagon-1.6.3.jar;C:\Users\Vicente\.m2\repository\org\apache\maven\wagon\wagon-http\3.5.1\wagon-http-3.5.1.jar;C:\Users\Vicente\.m2\repository\org\apache\maven\wagon\wagon-http-shared\3.5.1\wagon-http-shared-3.5.1.jar;C:\Users\Vicente\.m2\repository\org\apache\maven\wagon\wagon-provider-api\3.5.1\wagon-provider-api-3.5.1.jar;C:\Users\Vicente\.m2\repository\org\apache\maven\wagon\wagon-file\3.5.1\wagon-file-3.5.1.jar;C:\Users\Vicente\.m2\repository\io\quarkus\quarkus-bootstrap-gradle-resolver\2.14.3.Final\quarkus-bootstrap-gradle-resolver-2.14.3.Final.jar;C:\Users\Vicente\.m2\repository\io\quarkus\quarkus-junit5-properties\2.14.3.Final\quarkus-junit5-properties-2.14.3.Final.jar;C:\Users\Vicente\.m2\repository\org\junit\jupiter\junit-jupiter\5.9.1\junit-jupiter-5.9.1.jar;C:\Users\Vicente\.m2\repository\org\junit\jupiter\junit-jupiter-api\5.9.1\junit-jupiter-api-5.9.1.jar;C:\Users\Vicente\.m2\repository\org\opentest4j\opentest4j\1.2.0\opentest4j-1.2.0.jar;C:\Users\Vicente\.m2\repository\org\junit\platform\junit-platform-commons\1.9.1\junit-platform-commons-1.9.1.jar;C:\Users\Vicente\.m2\repository\org\apiguardian\apiguardian-api\1.1.2\apiguardian-api-1.1.2.jar;C:\Users\Vicente\.m2\repository\org\junit\jupiter\junit-jupiter-params\5.9.1\junit-jupiter-params-5.9.1.jar;C:\Users\Vicente\.m2\repository\org\junit\jupiter\junit-jupiter-engine\5.9.1\junit-jupiter-engine-5.9.1.jar;C:\Users\Vicente\.m2\repository\org\junit\platform\junit-platform-engine\1.9.1\junit-platform-engine-1.9.1.jar;C:\Users\Vicente\.m2\repository\com\thoughtworks\xstream\xstream\1.4.19\xstream-1.4.19.jar;C:\Users\Vicente\.m2\repository\io\github\x-stream\mxparser\1.2.2\mxparser-1.2.2.jar;C:\Users\Vicente\.m2\repository\xmlpull\xmlpull\1.1.3.1\xmlpull-1.1.3.1.jar;C:\Users\Vicente\.m2\repository\io\rest-assured\rest-assured\4.5.1\rest-assured-4.5.1.jar;C:\Users\Vicente\.m2\repository\org\codehaus\groovy\groovy\3.0.9\groovy-3.0.9.jar;C:\Users\Vicente\.m2\repository\org\codehaus\groovy\groovy-xml\3.0.9\groovy-xml-3.0.9.jar;C:\Users\Vicente\.m2\repository\org\apache\httpcomponents\httpclient\4.5.13\httpclient-4.5.13.jar;C:\Users\Vicente\.m2\repository\org\apache\httpcomponents\httpcore\4.4.15\httpcore-4.4.15.jar;C:\Users\Vicente\.m2\repository\commons-codec\commons-codec\1.15\commons-codec-1.15.jar;C:\Users\Vicente\.m2\repository\org\apache\httpcomponents\httpmime\4.5.13\httpmime-4.5.13.jar;C:\Users\Vicente\.m2\repository\org\hamcrest\hamcrest\2.1\hamcrest-2.1.jar;C:\Users\Vicente\.m2\repository\org\ccil\cowan\tagsoup\tagsoup\1.2.1\tagsoup-1.2.1.jar;C:\Users\Vicente\.m2\repository\io\rest-assured\json-path\4.5.1\json-path-4.5.1.jar;C:\Users\Vicente\.m2\repository\org\codehaus\groovy\groovy-json\3.0.9\groovy-json-3.0.9.jar;C:\Users\Vicente\.m2\repository\io\rest-assured\rest-assured-common\4.5.1\rest-assured-common-4.5.1.jar;C:\Users\Vicente\.m2\repository\io\rest-assured\xml-path\4.5.1\xml-path-4.5.1.jar;C:\Users\Vicente\.m2\repository\org\apache\commons\commons-lang3\3.12.0\commons-lang3-3.12.0.jar;C:\Users\Vicente\.m2\repository\org\projectlombok\lombok\1.18.20\lombok-1.18.20.jar;C:\Users\Vicente\.m2\repository\io\quarkus\quarkus-smallrye-health\2.14.3.Final\quarkus-smallrye-health-2.14.3.Final.jar;C:\Users\Vicente\.m2\repository\io\smallrye\smallrye-health\3.3.0\smallrye-health-3.3.0.jar;C:\Users\Vicente\.m2\repository\org\eclipse\microprofile\health\microprofile-health-api\3.1\microprofile-health-api-3.1.jar;C:\Users\Vicente\.m2\repository\io\smallrye\smallrye-health-api\3.3.0\smallrye-health-api-3.3.0.jar;C:\Users\Vicente\.m2\repository\io\smallrye\smallrye-health-provided-checks\3.3.0\smallrye-health-provided-checks-3.3.0.jar;C:\Users\Vicente\.m2\repository\io\quarkus\quarkus-micrometer-registry-prometheus\2.14.3.Final\quarkus-micrometer-registry-prometheus-2.14.3.Final.jar;C:\Users\Vicente\.m2\repository\io\quarkus\quarkus-micrometer\2.14.3.Final\quarkus-micrometer-2.14.3.Final.jar;C:\Users\Vicente\.m2\repository\io\micrometer\micrometer-core\1.9.5\micrometer-core-1.9.5.jar;C:\Users\Vicente\.m2\repository\org\hdrhistogram\HdrHistogram\2.1.12\HdrHistogram-2.1.12.jar;C:\Users\Vicente\.m2\repository\org\latencyutils\LatencyUtils\2.0.3\LatencyUtils-2.0.3.jar;C:\Users\Vicente\.m2\repository\io\micrometer\micrometer-registry-prometheus\1.9.5\micrometer-registry-prometheus-1.9.5.jar;C:\Users\Vicente\.m2\repository\io\prometheus\simpleclient_common\0.15.0\simpleclient_common-0.15.0.jar;C:\Users\Vicente\.m2\repository\io\prometheus\simpleclient\0.15.0\simpleclient-0.15.0.jar;C:\Users\Vicente\.m2\repository\io\prometheus\simpleclient_tracer_otel\0.15.0\simpleclient_tracer_otel-0.15.0.jar;C:\Users\Vicente\.m2\repository\io\prometheus\simpleclient_tracer_common\0.15.0\simpleclient_tracer_common-0.15.0.jar;C:\Users\Vicente\.m2\repository\io\prometheus\simpleclient_tracer_otel_agent\0.15.0\simpleclient_tracer_otel_agent-0.15.0.jar;C:\Users\Vicente\.m2\repository\org\mockito\mockito-core\4.9.0\mockito-core-4.9.0.jar;C:\Users\Vicente\.m2\repository\net\bytebuddy\byte-buddy\1.12.18\byte-buddy-1.12.18.jar;C:\Users\Vicente\.m2\repository\net\bytebuddy\byte-buddy-agent\1.12.16\byte-buddy-agent-1.12.16.jar;C:\Users\Vicente\.m2\repository\org\objenesis\objenesis\3.3\objenesis-3.3.jar;"/>
    <property name="sun.cpu.endian" value="little"/>
    <property name="user.home" value="C:\Users\Vicente"/>
    <property name="user.language" value="pt"/>
    <property name="jboss.log-version" value="false"/>
    <property name="java.specification.vendor" value="Oracle Corporation"/>
    <property name="io.netty.allocator.maxOrder" value="3"/>
    <property name="java.version.date" value="2022-10-18"/>
    <property name="java.home" value="C:\Program Files\Java\jdk-19"/>
    <property name="file.separator" value="\"/>
    <property name="basedir" value="D:\Projects\futurestay"/>
    <property name="java.vm.compressedOopsMode" value="Zero based"/>
    <property name="line.separator" value="&#10;"/>
    <property name="java.vm.specification.vendor" value="Oracle Corporation"/>
    <property name="java.specification.name" value="Java Platform API Specification"/>
    <property name="surefire.real.class.path" value="C:\Users\Vicente\AppData\Local\Temp\surefire13704366450016045457\surefirebooter-20221213202115674_3.jar"/>
    <property name="user.script" value=""/>
    <property name="sun.management.compiler" value="HotSpot 64-Bit Tiered Compilers"/>
    <property name="java.runtime.version" value="19.0.1+10-21"/>
    <property name="user.name" value="Vicente"/>
    <property name="stdout.encoding" value="Cp1252"/>
    <property name="path.separator" value=";"/>
    <property name="os.version" value="10.0"/>
    <property name="java.runtime.name" value="Java(TM) SE Runtime Environment"/>
    <property name="file.encoding" value="UTF-8"/>
    <property name="java.vm.name" value="Java HotSpot(TM) 64-Bit Server VM"/>
    <property name="localRepository" value="C:\Users\Vicente\.m2\repository"/>
    <property name="java.vendor.url.bug" value="https://bugreport.java.com/bugreport/"/>
    <property name="java.io.tmpdir" value="C:\Users\Vicente\AppData\Local\Temp\"/>
    <property name="quarkus.log.file.path" value="target\quarkus.log"/>
    <property name="java.version" value="19.0.1"/>
    <property name="java.util.concurrent.ForkJoinPool.common.threadFactory" value="io.quarkus.bootstrap.forkjoin.QuarkusForkJoinWorkerThreadFactory"/>
    <property name="user.dir" value="D:\Projects\futurestay"/>
    <property name="os.arch" value="amd64"/>
    <property name="java.vm.specification.name" value="Java Virtual Machine Specification"/>
    <property name="vertx.disableDnsResolver" value="true"/>
    <property name="sun.os.patch.level" value=""/>
    <property name="native.encoding" value="Cp1252"/>
    <property name="java.util.logging.manager" value="org.jboss.logmanager.LogManager"/>
    <property name="java.library.path" value="C:\Program Files\Java\jdk-19\bin;C:\Windows\Sun\Java\bin;C:\Windows\system32;C:\Windows;C:\Program Files\Common Files\Oracle\Java\javapath;C:\Windows\system32;C:\Windows;C:\Windows\System32\Wbem;C:\Windows\System32\WindowsPowerShell\v1.0\;C:\Windows\System32\OpenSSH\;C:\Program Files\dotnet\;C:\ProgramData\chocolatey\bin;C:\Program Files\Maven\apache-maven-3.8.6\bin;C:\Users\Vicente\AppData\Local\Microsoft\WindowsApps;;D:\IntelliJ IDEA Community Edition 2022.3\bin;;."/>
    <property name="java.vm.info" value="mixed mode, sharing"/>
    <property name="stderr.encoding" value="Cp1252"/>
    <property name="java.vendor" value="Oracle Corporation"/>
    <property name="vertx.disableTCCL" value="true"/>
    <property name="java.vm.version" value="19.0.1+10-21"/>
    <property name="sun.io.unicode.encoding" value="UnicodeLittle"/>
    <property name="io.netty.machineId" value="b6:c1:0a:80:92:4a:f0:ac"/>
    <property name="java.class.version" value="63.0"/>
    <property name="mp.openapi.extensions.smallrye.defaultConsumes" value="application/json"/>
  </properties>
  <testcase name="searchPropertyDateValidationException" classname="com.challenge.Service.PropertyServiceTest" time="0.01"/>
  <testcase name="searchPropertyFalseTest" classname="com.challenge.Service.PropertyServiceTest" time="0.004">
    <system-out><![CDATA[2022-12-13 20:21:24,868 INFO  [com.cha.Ser.PropertyService] (main) Checking availability
2022-12-13 20:21:24,868 INFO  [com.cha.Ser.PropertyService] (main) Next rentals list=[RentalEntity(id=1, propertyId=1, startDate=2022-12-20, endDate=2022-12-25), RentalEntity(id=2, propertyId=2, startDate=2023-01-10, endDate=2023-01-20)]
2022-12-13 20:21:24,869 INFO  [com.cha.Ser.PropertyService] (main) Not available for propertyId=1
]]></system-out>
  </testcase>
  <testcase name="searchPropertyTrueTest" classname="com.challenge.Service.PropertyServiceTest" time="0.002">
    <system-out><![CDATA[2022-12-13 20:21:24,873 INFO  [com.cha.Ser.PropertyService] (main) Checking availability
2022-12-13 20:21:24,874 INFO  [com.cha.Ser.PropertyService] (main) Next rentals list=[RentalEntity(id=1, propertyId=1, startDate=2022-12-20, endDate=2022-12-25), RentalEntity(id=2, propertyId=2, startDate=2023-01-10, endDate=2023-01-20)]
2022-12-13 20:21:24,874 INFO  [com.cha.Ser.PropertyService] (main) Available for propertyId=1
]]></system-out>
  </testcase>
</testsuite>